{"D:\\123\\EvaraOne\\client\\src\\components\\ErrorBoundary.tsx": {"path":"D:\\123\\EvaraOne\\client\\src\\components\\ErrorBoundary.tsx","statementMap":{"0":{"start":{"line":16,"column":24},"end":{"line":20,"column":null}},"1":{"start":{"line":23,"column":4},"end":{"line":23,"column":null}},"2":{"start":{"line":27,"column":4},"end":{"line":27,"column":null}},"3":{"start":{"line":28,"column":4},"end":{"line":28,"column":null}},"4":{"start":{"line":31,"column":4},"end":{"line":31,"column":null}},"5":{"start":{"line":35,"column":4},"end":{"line":47,"column":null}},"6":{"start":{"line":36,"column":6},"end":{"line":41,"column":null}},"7":{"start":{"line":43,"column":6},"end":{"line":46,"column":null}},"8":{"start":{"line":51,"column":4},"end":{"line":73,"column":null}},"9":{"start":{"line":52,"column":6},"end":{"line":54,"column":null}},"10":{"start":{"line":53,"column":8},"end":{"line":53,"column":null}},"11":{"start":{"line":57,"column":6},"end":{"line":71,"column":null}},"12":{"start":{"line":66,"column":27},"end":{"line":66,"column":null}},"13":{"start":{"line":75,"column":4},"end":{"line":75,"column":null}}},"fnMap":{"0":{"name":"getDerivedStateFromError","decl":{"start":{"line":22,"column":16},"end":{"line":22,"column":41}},"loc":{"start":{"line":22,"column":62},"end":{"line":24,"column":null}},"line":22},"1":{"name":"componentDidCatch","decl":{"start":{"line":26,"column":9},"end":{"line":26,"column":27}},"loc":{"start":{"line":26,"column":63},"end":{"line":32,"column":null}},"line":26},"2":{"name":"logErrorToBackend","decl":{"start":{"line":34,"column":16},"end":{"line":34,"column":34}},"loc":{"start":{"line":34,"column":70},"end":{"line":48,"column":null}},"line":34},"3":{"name":"render","decl":{"start":{"line":50,"column":9},"end":{"line":50,"column":18}},"loc":{"start":{"line":50,"column":18},"end":{"line":76,"column":null}},"line":50},"4":{"name":"(anonymous_4)","decl":{"start":{"line":66,"column":21},"end":{"line":66,"column":27}},"loc":{"start":{"line":66,"column":27},"end":{"line":66,"column":null}},"line":66}},"branchMap":{"0":{"loc":{"start":{"line":38,"column":21},"end":{"line":38,"column":null}},"type":"binary-expr","locations":[{"start":{"line":38,"column":21},"end":{"line":38,"column":49}},{"start":{"line":38,"column":49},"end":{"line":38,"column":null}}],"line":38},"1":{"loc":{"start":{"line":51,"column":4},"end":{"line":73,"column":null}},"type":"if","locations":[{"start":{"line":51,"column":4},"end":{"line":73,"column":null}},{"start":{},"end":{}}],"line":51},"2":{"loc":{"start":{"line":52,"column":6},"end":{"line":54,"column":null}},"type":"if","locations":[{"start":{"line":52,"column":6},"end":{"line":54,"column":null}},{"start":{},"end":{}}],"line":52}},"s":{"0":4,"1":4,"2":2,"3":2,"4":2,"5":2,"6":2,"7":0,"8":10,"9":6,"10":3,"11":3,"12":0,"13":4},"f":{"0":1,"1":2,"2":2,"3":10,"4":0},"b":{"0":[2,0],"1":[6,4],"2":[3,3]},"meta":{"lastBranch":3,"lastFunction":5,"lastStatement":14,"seen":{"s:16:24:20:Infinity":0,"f:22:16:22:41":0,"s:23:4:23:Infinity":1,"f:26:9:26:27":1,"s:27:4:27:Infinity":2,"s:28:4:28:Infinity":3,"s:31:4:31:Infinity":4,"f:34:16:34:34":2,"s:35:4:47:Infinity":5,"s:36:6:41:Infinity":6,"b:38:21:38:49:38:49:38:Infinity":0,"s:43:6:46:Infinity":7,"f:50:9:50:18":3,"b:51:4:73:Infinity:undefined:undefined:undefined:undefined":1,"s:51:4:73:Infinity":8,"b:52:6:54:Infinity:undefined:undefined:undefined:undefined":2,"s:52:6:54:Infinity":9,"s:53:8:53:Infinity":10,"s:57:6:71:Infinity":11,"f:66:21:66:27":4,"s:66:27:66:Infinity":12,"s:75:4:75:Infinity":13}}}
,"D:\\123\\EvaraOne\\client\\src\\components\\ProtectedRoute.tsx": {"path":"D:\\123\\EvaraOne\\client\\src\\components\\ProtectedRoute.tsx","statementMap":{"0":{"start":{"line":11,"column":54},"end":{"line":58,"column":null}},"1":{"start":{"line":12,"column":43},"end":{"line":12,"column":null}},"2":{"start":{"line":13,"column":10},"end":{"line":13,"column":null}},"3":{"start":{"line":16,"column":4},"end":{"line":22,"column":null}},"4":{"start":{"line":17,"column":8},"end":{"line":21,"column":null}},"5":{"start":{"line":18,"column":12},"end":{"line":18,"column":null}},"6":{"start":{"line":19,"column":12},"end":{"line":19,"column":null}},"7":{"start":{"line":20,"column":12},"end":{"line":20,"column":null}},"8":{"start":{"line":25,"column":4},"end":{"line":31,"column":null}},"9":{"start":{"line":26,"column":8},"end":{"line":29,"column":null}},"10":{"start":{"line":34,"column":4},"end":{"line":36,"column":null}},"11":{"start":{"line":35,"column":8},"end":{"line":35,"column":null}},"12":{"start":{"line":39,"column":4},"end":{"line":51,"column":null}},"13":{"start":{"line":42,"column":8},"end":{"line":45,"column":null}},"14":{"start":{"line":43,"column":12},"end":{"line":43,"column":null}},"15":{"start":{"line":44,"column":12},"end":{"line":44,"column":null}},"16":{"start":{"line":47,"column":8},"end":{"line":50,"column":null}},"17":{"start":{"line":48,"column":12},"end":{"line":48,"column":null}},"18":{"start":{"line":49,"column":12},"end":{"line":49,"column":null}},"19":{"start":{"line":53,"column":4},"end":{"line":55,"column":null}},"20":{"start":{"line":54,"column":8},"end":{"line":54,"column":null}},"21":{"start":{"line":57,"column":4},"end":{"line":57,"column":null}}},"fnMap":{"0":{"name":"(anonymous_0)","decl":{"start":{"line":11,"column":54},"end":{"line":11,"column":55}},"loc":{"start":{"line":11,"column":90},"end":{"line":58,"column":null}},"line":11},"1":{"name":"(anonymous_1)","decl":{"start":{"line":16,"column":14},"end":{"line":16,"column":20}},"loc":{"start":{"line":16,"column":20},"end":{"line":22,"column":7}},"line":16}},"branchMap":{"0":{"loc":{"start":{"line":17,"column":8},"end":{"line":21,"column":null}},"type":"if","locations":[{"start":{"line":17,"column":8},"end":{"line":21,"column":null}},{"start":{},"end":{}}],"line":17},"1":{"loc":{"start":{"line":17,"column":12},"end":{"line":17,"column":37}},"type":"binary-expr","locations":[{"start":{"line":17,"column":12},"end":{"line":17,"column":31}},{"start":{"line":17,"column":31},"end":{"line":17,"column":37}}],"line":17},"2":{"loc":{"start":{"line":25,"column":4},"end":{"line":31,"column":null}},"type":"if","locations":[{"start":{"line":25,"column":4},"end":{"line":31,"column":null}},{"start":{},"end":{}}],"line":25},"3":{"loc":{"start":{"line":34,"column":4},"end":{"line":36,"column":null}},"type":"if","locations":[{"start":{"line":34,"column":4},"end":{"line":36,"column":null}},{"start":{},"end":{}}],"line":34},"4":{"loc":{"start":{"line":34,"column":8},"end":{"line":34,"column":35}},"type":"binary-expr","locations":[{"start":{"line":34,"column":8},"end":{"line":34,"column":28}},{"start":{"line":34,"column":28},"end":{"line":34,"column":35}}],"line":34},"5":{"loc":{"start":{"line":39,"column":4},"end":{"line":51,"column":null}},"type":"if","locations":[{"start":{"line":39,"column":4},"end":{"line":51,"column":null}},{"start":{},"end":{}}],"line":39},"6":{"loc":{"start":{"line":39,"column":8},"end":{"line":39,"column":49}},"type":"binary-expr","locations":[{"start":{"line":39,"column":8},"end":{"line":39,"column":24}},{"start":{"line":39,"column":24},"end":{"line":39,"column":49}}],"line":39},"7":{"loc":{"start":{"line":42,"column":8},"end":{"line":45,"column":null}},"type":"if","locations":[{"start":{"line":42,"column":8},"end":{"line":45,"column":null}},{"start":{},"end":{}}],"line":42},"8":{"loc":{"start":{"line":47,"column":8},"end":{"line":50,"column":null}},"type":"if","locations":[{"start":{"line":47,"column":8},"end":{"line":50,"column":null}},{"start":{},"end":{}}],"line":47},"9":{"loc":{"start":{"line":53,"column":4},"end":{"line":55,"column":null}},"type":"if","locations":[{"start":{"line":53,"column":4},"end":{"line":55,"column":null}},{"start":{},"end":{}}],"line":53},"10":{"loc":{"start":{"line":53,"column":8},"end":{"line":53,"column":59}},"type":"binary-expr","locations":[{"start":{"line":53,"column":8},"end":{"line":53,"column":24}},{"start":{"line":53,"column":24},"end":{"line":53,"column":59}}],"line":53}},"s":{"0":1,"1":4,"2":4,"3":4,"4":4,"5":2,"6":2,"7":2,"8":4,"9":1,"10":3,"11":1,"12":2,"13":2,"14":0,"15":0,"16":2,"17":1,"18":1,"19":1,"20":0,"21":1},"f":{"0":4,"1":4},"b":{"0":[2,2],"1":[4,2],"2":[1,3],"3":[1,2],"4":[3,2],"5":[2,0],"6":[2,2],"7":[0,2],"8":[1,1],"9":[0,1],"10":[1,0]},"meta":{"lastBranch":11,"lastFunction":2,"lastStatement":22,"seen":{"s:11:54:58:Infinity":0,"f:11:54:11:55":0,"s:12:43:12:Infinity":1,"s:13:10:13:Infinity":2,"s:16:4:22:Infinity":3,"f:16:14:16:20":1,"b:17:8:21:Infinity:undefined:undefined:undefined:undefined":0,"s:17:8:21:Infinity":4,"b:17:12:17:31:17:31:17:37":1,"s:18:12:18:Infinity":5,"s:19:12:19:Infinity":6,"s:20:12:20:Infinity":7,"b:25:4:31:Infinity:undefined:undefined:undefined:undefined":2,"s:25:4:31:Infinity":8,"s:26:8:29:Infinity":9,"b:34:4:36:Infinity:undefined:undefined:undefined:undefined":3,"s:34:4:36:Infinity":10,"b:34:8:34:28:34:28:34:35":4,"s:35:8:35:Infinity":11,"b:39:4:51:Infinity:undefined:undefined:undefined:undefined":5,"s:39:4:51:Infinity":12,"b:39:8:39:24:39:24:39:49":6,"b:42:8:45:Infinity:undefined:undefined:undefined:undefined":7,"s:42:8:45:Infinity":13,"s:43:12:43:Infinity":14,"s:44:12:44:Infinity":15,"b:47:8:50:Infinity:undefined:undefined:undefined:undefined":8,"s:47:8:50:Infinity":16,"s:48:12:48:Infinity":17,"s:49:12:49:Infinity":18,"b:53:4:55:Infinity:undefined:undefined:undefined:undefined":9,"s:53:4:55:Infinity":19,"b:53:8:53:24:53:24:53:59":10,"s:54:8:54:Infinity":20,"s:57:4:57:Infinity":21}}}
}
